Guest function trace:
function_id,pc_offset,opcode,cost,wasm_func_trace
0,0,00,143408,
43200,0,START,0,
43200,0,00,38,
43200,0,15,199,8:S:25|8:E:25|159:S:60|8:S:74|8:E:74|159:E:81|8:S:103|8:E:103|8:S:132|8:E:132
43200,4,17,67,
43200,8,06,157,49:S:34|34:S:41|34:E:44|33:S:53|33:E:79|8:S:99|8:E:99|49:E:129
43200,0,END,0,
0,0,00,3849,
44236,0,START,0,
44236,0,00,38,
44236,0,15,199,8:S:25|8:E:25|159:S:60|8:S:74|8:E:74|159:E:81|8:S:103|8:E:103|8:S:132|8:E:132
44236,4,17,67,
44236,8,06,186,49:S:34|34:S:41|34:E:58|33:S:67|33:E:93|34:S:109|34:E:112|8:S:128|8:E:128|49:E:158
44236,0,END,0,
0,0,00,3849,
45272,0,START,0,
45272,0,00,38,
45272,0,15,199,8:S:25|8:E:25|159:S:60|8:S:74|8:E:74|159:E:81|8:S:103|8:E:103|8:S:132|8:E:132
45272,4,17,67,
45272,8,06,186,49:S:34|34:S:41|34:E:58|33:S:67|33:E:93|34:S:109|34:E:112|8:S:128|8:E:128|49:E:158
45272,0,END,0,
0,0,00,3849,
46308,0,START,0,
46308,0,00,38,
46308,0,15,199,8:S:25|8:E:25|159:S:60|8:S:74|8:E:74|159:E:81|8:S:103|8:E:103|8:S:132|8:E:132
46308,4,17,67,
46308,8,06,216,49:S:34|34:S:41|34:E:58|33:S:67|33:E:93|34:S:109|34:E:112|34:S:124|34:E:127|34:S:139|34:E:142|8:S:158|8:E:158|49:E:188
46308,0,END,0,
0,0,00,3849,
47344,0,START,0,
47344,0,00,38,
47344,0,15,199,8:S:25|8:E:25|159:S:60|8:S:74|8:E:74|159:E:81|8:S:103|8:E:103|8:S:132|8:E:132
47344,4,17,67,
47344,8,06,171,49:S:34|34:S:41|34:E:58|33:S:67|33:E:93|8:S:113|8:E:113|49:E:143
47344,0,END,0,
0,0,00,3849,
48380,0,START,0,
48380,0,00,38,
48380,0,15,199,8:S:25|8:E:25|159:S:60|8:S:74|8:E:74|159:E:81|8:S:103|8:E:103|8:S:132|8:E:132
48380,4,17,67,
48380,8,06,215,49:S:34|34:S:41|34:E:58|33:S:67|33:E:93|34:S:109|34:E:126|34:S:138|34:E:141|8:S:157|8:E:157|49:E:187
48380,0,END,0,
0,0,00,4453,
49444,0,START,0,
49444,0,00,38,
49444,0,15,199,8:S:25|8:E:25|159:S:60|8:S:74|8:E:74|159:E:81|8:S:103|8:E:103|8:S:132|8:E:132
49444,4,17,67,
49444,8,06,239,49:S:34|34:S:41|34:E:44|33:S:53|33:E:101|34:S:117|34:E:120|34:S:132|34:E:135|34:S:147|34:E:150|34:S:162|34:E:165|8:S:181|8:E:181|49:E:211
49444,0,END,0,
0,0,00,3849,
50480,0,START,0,
50480,0,00,38,
50480,0,15,199,8:S:25|8:E:25|159:S:60|8:S:74|8:E:74|159:E:81|8:S:103|8:E:103|8:S:132|8:E:132
50480,4,17,67,
50480,8,06,157,49:S:34|34:S:41|34:E:44|33:S:53|33:E:79|8:S:99|8:E:99|49:E:129
50480,0,END,0,
0,0,00,3849,
51516,0,START,0,
51516,0,00,38,
51516,0,15,199,8:S:25|8:E:25|159:S:60|8:S:74|8:E:74|159:E:81|8:S:103|8:E:103|8:S:132|8:E:132
51516,4,17,67,
51516,8,06,194,49:S:34|34:S:41|34:E:44|33:S:53|33:E:101|34:S:117|34:E:120|8:S:136|8:E:136|49:E:166
51516,0,END,0,
0,0,00,3849,
52552,0,START,0,
52552,0,00,38,
52552,0,15,199,8:S:25|8:E:25|159:S:60|8:S:74|8:E:74|159:E:81|8:S:103|8:E:103|8:S:132|8:E:132
52552,4,17,67,
52552,8,06,157,49:S:34|34:S:41|34:E:44|33:S:53|33:E:79|8:S:99|8:E:99|49:E:129
52552,0,END,0,
0,0,00,3849,
53588,0,START,0,
53588,0,00,38,
53588,0,15,199,8:S:25|8:E:25|159:S:60|8:S:74|8:E:74|159:E:81|8:S:103|8:E:103|8:S:132|8:E:132
53588,4,17,67,
53588,8,06,194,49:S:34|34:S:41|34:E:44|33:S:53|33:E:101|34:S:117|34:E:120|8:S:136|8:E:136|49:E:166
53588,0,END,0,
0,0,00,3849,
54624,0,START,0,
54624,0,00,38,
54624,0,15,199,8:S:25|8:E:25|159:S:60|8:S:74|8:E:74|159:E:81|8:S:103|8:E:103|8:S:132|8:E:132
54624,4,17,67,
54624,8,06,172,49:S:34|34:S:41|34:E:44|33:S:53|33:E:79|34:S:95|34:E:98|8:S:114|8:E:114|49:E:144
54624,0,END,0,
0,0,00,3849,
55660,0,START,0,
55660,0,00,38,
55660,0,15,199,8:S:25|8:E:25|159:S:60|8:S:74|8:E:74|159:E:81|8:S:103|8:E:103|8:S:132|8:E:132
55660,4,17,67,
55660,8,06,200,49:S:34|34:S:41|34:E:58|33:S:67|33:E:93|34:S:109|34:E:126|8:S:142|8:E:142|49:E:172
55660,0,END,0,
0,0,00,3849,
56696,0,START,0,
56696,0,00,38,
56696,0,15,199,8:S:25|8:E:25|159:S:60|8:S:74|8:E:74|159:E:81|8:S:103|8:E:103|8:S:132|8:E:132
56696,4,17,67,
56696,8,06,200,49:S:34|34:S:41|34:E:58|33:S:67|33:E:93|34:S:109|34:E:126|8:S:142|8:E:142|49:E:172
56696,0,END,0,
0,0,00,3936,
57740,0,START,0,
57740,0,00,38,
57740,0,15,199,8:S:25|8:E:25|159:S:60|8:S:74|8:E:74|159:E:81|8:S:103|8:E:103|8:S:132|8:E:132
57740,4,17,67,
57740,8,06,201,49:S:34|34:S:41|34:E:44|33:S:53|33:E:123|8:S:143|8:E:143|49:E:173
57740,0,END,0,
0,0,00,4163,
58792,0,START,0,
58792,0,00,38,
58792,0,15,199,8:S:25|8:E:25|159:S:60|8:S:74|8:E:74|159:E:81|8:S:103|8:E:103|8:S:132|8:E:132
58792,4,17,67,
58792,8,06,319,49:S:34|34:S:41|34:E:44|33:S:53|33:E:167|34:S:183|34:E:186|34:S:198|34:E:201|34:S:213|34:E:230|34:S:242|34:E:245|8:S:261|8:E:261|49:E:291
58792,0,END,0,
0,0,00,5840,
60176,0,START,0,
60176,0,00,38,
60176,0,15,199,8:S:25|8:E:25|159:S:60|8:S:74|8:E:74|159:E:81|8:S:103|8:E:103|8:S:132|8:E:132
60176,4,17,67,
60176,8,06,4763,49:S:34|34:S:41|34:E:44|33:S:53|33:E:211|34:S:227|34:E:230|34:S:242|34:E:245|34:S:257|34:E:260|34:S:272|34:E:275|34:S:287|34:E:290|8:S:306|8:E:306|79:S:348|8:S:360|8:E:360|33:S:394|33:E:464|8:S:481|8:E:481|33:S:533|33:E:581|8:S:598|8:E:598|33:S:634|33:E:726|8:S:743|8:E:743|33:S:795|33:E:887|8:S:904|8:E:904|33:S:940|33:E:1032|8:S:1049|8:E:1049|33:S:1101|33:E:1149|8:S:1166|8:E:1166|33:S:1202|33:E:1316|8:S:1333|8:E:1333|33:S:1385|33:E:1411|8:S:1428|8:E:1428|33:S:1480|33:E:1506|8:S:1523|8:E:1523|33:S:1559|33:E:1651|8:S:1668|8:E:1668|33:S:1720|33:E:1900|8:S:1917|8:E:1917|33:S:1969|33:E:2105|8:S:2122|8:E:2122|33:S:2174|33:E:2332|8:S:2349|8:E:2349|33:S:2385|33:E:2499|8:S:2516|8:E:2516|33:S:2552|33:E:2644|8:S:2661|8:E:2661|33:S:2697|33:E:2789|8:S:2806|8:E:2806|33:S:2842|33:E:2956|8:S:2973|8:E:2973|33:S:3009|33:E:3079|8:S:3096|8:E:3096|33:S:3148|33:E:3174|8:S:3191|8:E:3191|33:S:3227|33:E:3297|8:S:3314|8:E:3314|33:S:3366|33:E:3392|8:S:3409|8:E:3409|33:S:3461|33:E:3487|8:S:3504|8:E:3504|33:S:3540|33:E:3566|8:S:3583|8:E:3583|33:S:3635|33:E:3661|8:S:3678|8:E:3678|33:S:3714|33:E:3740|8:S:3757|8:E:3757|33:S:3793|33:E:3863|8:S:3880|8:E:3880|33:S:3932|33:E:3958|8:S:3975|8:E:3975|33:S:4011|33:E:4037|8:S:4054|8:E:4054|33:S:4106|33:E:4154|8:S:4171|8:E:4171|33:S:4207|33:E:4233|8:S:4250|8:E:4250|33:S:4286|33:E:4356|8:S:4373|8:E:4373|33:S:4409|33:E:4501|8:S:4518|8:E:4518|33:S:4554|33:E:4668|8:S:4685|8:E:4685|79:E:4734|49:E:4735
60176,0,END,0,
0,0,00,44057,
70028,0,START,0,
70028,0,00,38,
70028,0,01,51,
70028,0,END,0,
0,0,00,1045,
70412,0,START,0,
70412,0,00,38,
70412,0,01,51,
70412,0,END,0,
0,0,00,1045,
70796,0,START,0,
70796,0,00,38,
70796,0,01,51,
70796,0,END,0,
0,0,00,1057,
71180,0,START,0,
71180,0,00,38,
71180,0,02,299,144:S:18|34:S:22|34:E:25|33:S:38|33:E:64|34:S:79|34:E:82|34:S:97|34:E:122|144:E:123|146:S:137|34:S:141|34:E:144|33:S:154|33:E:180|34:S:201|34:E:204|34:S:225|34:E:250|146:E:251
71180,0,END,0,
0,0,00,1045,
71564,0,START,0,
71564,0,00,38,
71564,0,01,51,
71564,0,END,0,
0,0,00,1045,
71948,0,START,0,
71948,0,00,38,
71948,0,01,51,
71948,0,END,0,
0,0,00,1045,
72332,0,START,0,
72332,0,00,38,
72332,0,01,51,
72332,0,END,0,
0,0,00,1057,
72716,0,START,0,
72716,0,00,38,
72716,0,02,491,144:S:18|34:S:22|34:E:25|33:S:38|33:E:130|34:S:145|34:E:221|144:E:222|146:S:236|34:S:240|34:E:243|33:S:253|33:E:345|34:S:366|34:E:442|146:E:443
72716,0,END,0,
0,0,00,1057,
73100,0,START,0,
73100,0,00,38,
73100,0,02,569,144:S:18|34:S:22|34:E:25|33:S:38|33:E:152|34:S:167|34:E:260|144:E:261|146:S:275|34:S:279|34:E:282|33:S:292|33:E:406|34:S:427|34:E:520|146:E:521
73100,0,END,0,
0,0,00,1045,
73484,0,START,0,
73484,0,00,38,
73484,0,01,51,
73484,0,END,0,
0,0,00,2107,
73912,0,START,0,
73912,0,00,38,
73912,0,01,67,
73912,4,0B,75,151:S:28|151:E:28
73912,8,01,67,
73912,12,0A,32,
73912,0,END,0,
0,0,00,2572,
74388,0,START,0,
74388,0,00,38,
74388,0,01,67,
74388,4,0B,75,151:S:28|151:E:28
74388,8,01,67,
74388,12,0A,32,
74388,0,END,0,
0,0,00,2167,
74892,0,START,0,
74892,0,00,38,
74892,0,02,296,144:S:18|34:S:22|34:E:115|144:E:117|146:S:131|34:S:135|34:E:228|146:E:232
74892,4,0B,83,155:S:29|155:E:29
74892,16,01,51,
74892,0,END,0,
0,0,00,2085,
75416,0,START,0,
75416,0,00,38,
75416,0,02,273,144:S:18|34:S:22|34:E:25|33:S:38|33:E:64|34:S:79|34:E:104|144:E:105|146:S:119|34:S:123|34:E:126|33:S:136|33:E:162|34:S:183|34:E:208|146:E:209
75416,4,11,3543,158:S:29|163:S:37|8:S:59|8:E:59|175:S:79|8:S:98|8:E:98|175:E:112|175:S:130|175:E:145|177:S:168|177:E:180|8:S:204|8:E:204|278:S:216|278:E:238|176:S:285|176:E:297|279:S:310|8:S:328|8:E:328|279:E:340|176:S:372|34:S:376|34:E:379|176:E:387|279:S:400|34:S:407|34:E:410|8:S:430|8:E:430|33:S:445|33:E:559|8:S:578|8:E:578|33:S:595|33:E:731|279:E:736|176:S:768|34:S:772|34:E:775|33:S:788|33:E:946|176:E:955|279:S:968|34:S:975|34:E:978|33:S:987|33:E:1145|8:S:1165|8:E:1165|279:E:1195|176:S:1227|34:S:1231|34:E:1234|33:S:1247|33:E:1449|176:E:1458|279:S:1471|34:S:1478|34:E:1481|33:S:1490|33:E:1692|8:S:1712|8:E:1712|279:E:1742|176:S:1774|34:S:1778|34:E:1781|33:S:1794|33:E:1820|176:E:1829|279:S:1842|34:S:1849|34:E:1852|33:S:1861|33:E:1887|8:S:1907|8:E:1907|279:E:1937|176:S:1992|34:S:1996|34:E:1999|33:S:2012|33:E:2170|34:S:2185|34:E:2312|176:E:2313|176:S:2346|34:S:2350|34:E:2353|33:S:2366|33:E:2458|34:S:2473|34:E:2476|176:E:2485|279:S:2498|34:S:2505|34:E:2508|33:S:2517|33:E:2609|34:S:2625|34:E:2628|8:S:2644|8:E:2644|279:E:2674|176:S:2706|34:S:2710|34:E:2713|33:S:2726|33:E:2862|34:S:2877|34:E:2880|176:E:2889|279:S:2902|34:S:2909|34:E:2912|33:S:2921|33:E:3057|34:S:3073|34:E:3076|8:S:3092|8:E:3092|279:E:3122|176:S:3154|34:S:3158|34:E:3161|33:S:3174|33:E:3266|176:E:3275|279:S:3288|34:S:3295|34:E:3298|33:S:3307|33:E:3399|8:S:3419|8:E:3419|279:E:3449|8:S:3478|8:E:3478|163:E:3487|158:E:3495
75416,8,01,67,
75416,12,01,67,
75416,16,09,693,8:S:25|8:E:25|167:S:64|8:S:83|8:E:83|167:E:97|167:S:137|167:E:152|161:S:178|161:E:190|158:S:226|158:E:239|8:S:258|8:E:258|130:S:319|8:S:341|8:E:341|265:S:353|265:E:375|130:E:384|181:S:400|181:E:402|182:S:413|8:S:430|8:E:430|44:S:441|8:S:453|8:E:453|8:S:470|8:E:470|8:S:496|8:E:496|8:S:513|8:E:513|76:S:538|8:S:550|8:E:550|76:E:565|8:S:586|8:E:586|8:S:664|8:E:664|44:E:680|182:E:682|184:S:690
42852,0,START,0,
42852,0,00,38,
42852,0,03,79,
42852,4,04,7632,160:S:31|163:S:39|8:S:61|8:E:61|175:S:81|8:S:100|8:E:100|175:E:114|175:S:132|175:E:147|177:S:170|177:E:182|8:S:206|8:E:206|278:S:218|278:E:240|176:S:287|176:E:299|279:S:312|8:S:330|8:E:330|279:E:342|176:S:374|34:S:378|34:E:381|176:E:389|279:S:402|34:S:409|34:E:412|8:S:432|8:E:432|33:S:447|33:E:561|8:S:580|8:E:580|33:S:597|33:E:733|279:E:738|176:S:770|34:S:774|34:E:777|33:S:790|33:E:948|176:E:957|279:S:970|34:S:977|34:E:980|33:S:989|33:E:1147|8:S:1167|8:E:1167|279:E:1197|176:S:1229|34:S:1233|34:E:1236|33:S:1249|33:E:1451|176:E:1460|279:S:1473|34:S:1480|34:E:1483|33:S:1492|33:E:1694|8:S:1714|8:E:1714|279:E:1744|176:S:1776|34:S:1780|34:E:1783|33:S:1796|33:E:1822|176:E:1831|279:S:1844|34:S:1851|34:E:1854|33:S:1863|33:E:1889|8:S:1909|8:E:1909|279:E:1939|176:S:1994|34:S:1998|34:E:2001|33:S:2014|33:E:2172|34:S:2187|34:E:2314|176:E:2315|176:S:2348|34:S:2352|34:E:2355|33:S:2368|33:E:2460|176:E:2469|279:S:2482|34:S:2489|34:E:2492|33:S:2501|33:E:2593|8:S:2613|8:E:2613|279:E:2643|176:S:2675|34:S:2679|34:E:2696|33:S:2709|33:E:2801|176:E:2810|279:S:2823|34:S:2830|34:E:2847|33:S:2856|33:E:2948|8:S:2968|8:E:2968|279:E:2998|176:S:3030|34:S:3034|34:E:3037|33:S:3050|33:E:3120|176:E:3129|279:S:3142|34:S:3149|34:E:3152|33:S:3161|33:E:3231|8:S:3251|8:E:3251|279:E:3281|176:S:3313|34:S:3317|34:E:3320|33:S:3333|33:E:3359|34:S:3374|34:E:3377|176:E:3386|279:S:3399|34:S:3406|34:E:3409|33:S:3418|33:E:3444|34:S:3460|34:E:3463|8:S:3479|8:E:3479|279:E:3509|176:S:3541|34:S:3545|34:E:3562|33:S:3575|33:E:3601|34:S:3616|34:E:3633|176:E:3642|279:S:3655|34:S:3662|34:E:3679|33:S:3688|33:E:3714|34:S:3730|34:E:3747|8:S:3763|8:E:3763|279:E:3793|176:S:3825|34:S:3829|34:E:3846|33:S:3859|33:E:3885|176:E:3894|279:S:3907|34:S:3914|34:E:3931|33:S:3940|33:E:3966|8:S:3986|8:E:3986|279:E:4016|176:S:4048|34:S:4052|34:E:4069|33:S:4082|33:E:4108|176:E:4117|279:S:4130|34:S:4137|34:E:4154|33:S:4163|33:E:4189|8:S:4209|8:E:4209|279:E:4239|176:S:4271|34:S:4275|34:E:4292|33:S:4305|33:E:4331|176:E:4340|279:S:4353|34:S:4360|34:E:4377|33:S:4386|33:E:4412|8:S:4432|8:E:4432|279:E:4462|176:S:4494|34:S:4498|34:E:4515|33:S:4528|33:E:4554|34:S:4569|34:E:4586|34:S:4601|34:E:4626|176:E:4627|176:S:4660|34:S:4664|34:E:4681|33:S:4694|33:E:4720|34:S:4735|34:E:4738|176:E:4747|279:S:4760|34:S:4767|34:E:4784|33:S:4793|33:E:4819|34:S:4835|34:E:4838|8:S:4854|8:E:4854|279:E:4884|176:S:4916|34:S:4920|34:E:4923|33:S:4936|33:E:4984|34:S:4999|34:E:5002|176:E:5011|279:S:5024|34:S:5031|34:E:5034|33:S:5043|33:E:5091|34:S:5107|34:E:5110|8:S:5126|8:E:5126|279:E:5156|176:S:5188|34:S:5192|34:E:5195|33:S:5208|33:E:5234|34:S:5249|34:E:5252|176:E:5261|279:S:5274|34:S:5281|34:E:5284|33:S:5293|33:E:5319|34:S:5335|34:E:5338|8:S:5354|8:E:5354|279:E:5384|176:S:5416|34:S:5420|34:E:5423|33:S:5436|33:E:5484|176:E:5493|279:S:5506|34:S:5513|34:E:5516|33:S:5525|33:E:5573|8:S:5593|8:E:5593|279:E:5623|176:S:5655|34:S:5659|34:E:5662|33:S:5675|33:E:5701|34:S:5716|34:E:5719|176:E:5728|279:S:5741|34:S:5748|34:E:5751|33:S:5760|33:E:5786|34:S:5802|34:E:5805|8:S:5821|8:E:5821|279:E:5851|176:S:5883|34:S:5887|34:E:5904|33:S:5917|33:E:5943|34:S:5958|34:E:5975|34:S:5990|34:E:5993|176:E:6002|279:S:6015|34:S:6022|34:E:6039|33:S:6048|33:E:6074|34:S:6090|34:E:6107|34:S:6119|34:E:6122|8:S:6138|8:E:6138|279:E:6168|176:S:6200|34:S:6204|34:E:6221|33:S:6234|33:E:6260|34:S:6275|34:E:6292|34:S:6307|34:E:6310|176:E:6319|279:S:6332|34:S:6339|34:E:6356|33:S:6365|33:E:6391|34:S:6407|34:E:6424|34:S:6436|34:E:6439|8:S:6455|8:E:6455|279:E:6485|176:S:6517|34:S:6521|34:E:6524|33:S:6537|33:E:6585|176:E:6594|279:S:6607|34:S:6614|34:E:6617|33:S:6626|33:E:6674|8:S:6694|8:E:6694|279:E:6724|176:S:6756|34:S:6760|34:E:6777|33:S:6790|33:E:6838|34:S:6853|34:E:6870|176:E:6879|279:S:6892|34:S:6899|34:E:6916|33:S:6925|33:E:6973|34:S:6989|34:E:7006|8:S:7022|8:E:7022|279:E:7052|8:S:7081|8:E:7081|163:E:7090|176:S:7101|34:S:7105|34:E:7108|33:S:7121|33:E:7147|34:S:7162|34:E:7187|176:E:7188|178:S:7200|34:S:7204|34:E:7207|33:S:7217|33:E:7243|34:S:7264|34:E:7289|178:E:7290|34:S:7318|34:E:7321|34:S:7341|34:E:7344|34:S:7364|34:E:7367|34:S:7387|34:E:7390|34:S:7410|34:E:7435|8:S:7456|8:E:7456|8:S:7476|8:E:7476|8:S:7508|8:E:7508|178:S:7526|34:S:7530|34:E:7555|178:E:7559|160:E:7562
42852,8,11,4373,158:S:29|163:S:37|8:S:54|8:E:54|175:S:74|8:S:93|8:E:93|175:E:107|175:S:125|175:E:140|175:S:158|175:E:173|177:S:196|177:E:208|8:S:232|8:E:232|278:S:244|278:E:273|176:S:320|176:E:332|279:S:345|8:S:363|8:E:363|279:E:375|176:S:407|34:S:411|34:E:414|176:E:422|279:S:435|34:S:442|34:E:445|8:S:465|8:E:465|33:S:480|33:E:594|8:S:613|8:E:613|33:S:630|33:E:766|279:E:771|176:S:803|34:S:807|34:E:810|33:S:823|33:E:981|176:E:990|279:S:1003|34:S:1010|34:E:1013|33:S:1022|33:E:1180|8:S:1200|8:E:1200|279:E:1230|176:S:1262|34:S:1266|34:E:1269|33:S:1282|33:E:1484|176:E:1493|279:S:1506|34:S:1513|34:E:1516|33:S:1525|33:E:1727|8:S:1747|8:E:1747|279:E:1777|176:S:1809|34:S:1813|34:E:1816|33:S:1829|33:E:1855|176:E:1864|279:S:1877|34:S:1884|34:E:1887|33:S:1896|33:E:1922|8:S:1942|8:E:1942|279:E:1972|176:S:2027|34:S:2031|34:E:2034|33:S:2047|33:E:2205|34:S:2220|34:E:2347|176:E:2348|176:S:2381|34:S:2385|34:E:2388|33:S:2401|33:E:2493|34:S:2508|34:E:2511|176:E:2520|279:S:2533|34:S:2540|34:E:2543|33:S:2552|33:E:2644|34:S:2660|34:E:2663|8:S:2679|8:E:2679|279:E:2709|176:S:2741|34:S:2745|34:E:2748|33:S:2761|33:E:2897|34:S:2912|34:E:2915|176:E:2924|279:S:2937|34:S:2944|34:E:2947|33:S:2956|33:E:3092|34:S:3108|34:E:3111|8:S:3127|8:E:3127|279:E:3157|176:S:3189|34:S:3193|34:E:3196|33:S:3209|33:E:3301|176:E:3310|279:S:3323|34:S:3330|34:E:3333|33:S:3342|33:E:3434|8:S:3454|8:E:3454|279:E:3484|176:S:3539|34:S:3543|34:E:3546|33:S:3559|33:E:3717|34:S:3732|34:E:3859|176:E:3860|176:S:3893|34:S:3897|34:E:3900|33:S:3913|33:E:4049|176:E:4058|279:S:4071|34:S:4078|34:E:4081|33:S:4090|33:E:4226|8:S:4246|8:E:4246|279:E:4276|8:S:4305|8:E:4305|163:E:4314|158:E:4325
42852,12,03,79,
42852,16,09,7840,8:S:25|8:E:25|167:S:64|8:S:83|8:E:83|167:E:97|161:S:123|161:E:127|158:S:163|158:E:170|8:S:191|8:E:191|130:S:246|8:S:268|8:E:268|265:S:280|265:E:295|130:E:304|181:S:320|181:E:322|182:S:333|8:S:347|8:E:347|76:S:363|8:S:375|8:E:375|76:E:390|182:E:393|284:S:401|316:S:404|8:S:424|8:E:424|789:S:458|315:S:459|315:E:459|789:E:459|789:S:491|315:S:492|315:E:492|789:E:492|316:E:502|379:S:518|429:S:522|158:S:526|163:S:534|8:S:556|8:E:556|175:S:576|8:S:595|8:E:595|175:E:609|175:S:627|175:E:642|177:S:665|177:E:677|8:S:701|8:E:701|278:S:713|278:E:735|176:S:782|176:E:794|279:S:807|8:S:825|8:E:825|279:E:837|176:S:869|34:S:873|34:E:876|176:E:884|279:S:897|34:S:904|34:E:907|8:S:927|8:E:927|33:S:942|33:E:1056|8:S:1075|8:E:1075|33:S:1092|33:E:1228|279:E:1233|176:S:1265|34:S:1269|34:E:1272|33:S:1285|33:E:1443|176:E:1452|279:S:1465|34:S:1472|34:E:1475|33:S:1484|33:E:1642|8:S:1662|8:E:1662|279:E:1692|176:S:1724|34:S:1728|34:E:1731|33:S:1744|33:E:1946|176:E:1955|279:S:1968|34:S:1975|34:E:1978|33:S:1987|33:E:2189|8:S:2209|8:E:2209|279:E:2239|176:S:2271|34:S:2275|34:E:2278|33:S:2291|33:E:2317|176:E:2326|279:S:2339|34:S:2346|34:E:2349|33:S:2358|33:E:2384|8:S:2404|8:E:2404|279:E:2434|176:S:2489|34:S:2493|34:E:2496|33:S:2509|33:E:2667|34:S:2682|34:E:2809|176:E:2810|176:S:2843|34:S:2847|34:E:2850|33:S:2863|33:E:2955|176:E:2964|279:S:2977|34:S:2984|34:E:2987|33:S:2996|33:E:3088|8:S:3108|8:E:3108|279:E:3138|176:S:3170|34:S:3174|34:E:3191|33:S:3204|33:E:3296|176:E:3305|279:S:3318|34:S:3325|34:E:3342|33:S:3351|33:E:3443|8:S:3463|8:E:3463|279:E:3493|176:S:3525|34:S:3529|34:E:3532|33:S:3545|33:E:3615|176:E:3624|279:S:3637|34:S:3644|34:E:3647|33:S:3656|33:E:3726|8:S:3746|8:E:3746|279:E:3776|176:S:3808|34:S:3812|34:E:3815|33:S:3828|33:E:3854|34:S:3869|34:E:3872|176:E:3881|279:S:3894|34:S:3901|34:E:3904|33:S:3913|33:E:3939|34:S:3955|34:E:3958|8:S:3974|8:E:3974|279:E:4004|176:S:4036|34:S:4040|34:E:4057|33:S:4070|33:E:4096|34:S:4111|34:E:4128|176:E:4137|279:S:4150|34:S:4157|34:E:4174|33:S:4183|33:E:4209|34:S:4225|34:E:4242|8:S:4258|8:E:4258|279:E:4288|176:S:4320|34:S:4324|34:E:4341|33:S:4354|33:E:4380|176:E:4389|279:S:4402|34:S:4409|34:E:4426|33:S:4435|33:E:4461|8:S:4481|8:E:4481|279:E:4511|176:S:4543|34:S:4547|34:E:4564|33:S:4577|33:E:4603|176:E:4612|279:S:4625|34:S:4632|34:E:4649|33:S:4658|33:E:4684|8:S:4704|8:E:4704|279:E:4734|176:S:4766|34:S:4770|34:E:4787|33:S:4800|33:E:4826|176:E:4835|279:S:4848|34:S:4855|34:E:4872|33:S:4881|33:E:4907|8:S:4927|8:E:4927|279:E:4957|176:S:4989|34:S:4993|34:E:5010|33:S:5023|33:E:5049|34:S:5064|34:E:5081|34:S:5096|34:E:5121|176:E:5122|176:S:5155|34:S:5159|34:E:5176|33:S:5189|33:E:5215|34:S:5230|34:E:5233|176:E:5242|279:S:5255|34:S:5262|34:E:5279|33:S:5288|33:E:5314|34:S:5330|34:E:5333|8:S:5349|8:E:5349|279:E:5379|176:S:5411|34:S:5415|34:E:5418|33:S:5431|33:E:5479|34:S:5494|34:E:5497|176:E:5506|279:S:5519|34:S:5526|34:E:5529|33:S:5538|33:E:5586|34:S:5602|34:E:5605|8:S:5621|8:E:5621|279:E:5651|176:S:5683|34:S:5687|34:E:5690|33:S:5703|33:E:5729|34:S:5744|34:E:5747|176:E:5756|279:S:5769|34:S:5776|34:E:5779|33:S:5788|33:E:5814|34:S:5830|34:E:5833|8:S:5849|8:E:5849|279:E:5879|176:S:5911|34:S:5915|34:E:5918|33:S:5931|33:E:5979|176:E:5988|279:S:6001|34:S:6008|34:E:6011|33:S:6020|33:E:6068|8:S:6088|8:E:6088|279:E:6118|176:S:6150|34:S:6154|34:E:6157|33:S:6170|33:E:6196|34:S:6211|34:E:6214|176:E:6223|279:S:6236|34:S:6243|34:E:6246|33:S:6255|33:E:6281|34:S:6297|34:E:6300|8:S:6316|8:E:6316|279:E:6346|176:S:6378|34:S:6382|34:E:6399|33:S:6412|33:E:6438|34:S:6453|34:E:6470|34:S:6485|34:E:6488|176:E:6497|279:S:6510|34:S:6517|34:E:6534|33:S:6543|33:E:6569|34:S:6585|34:E:6602|34:S:6614|34:E:6617|8:S:6633|8:E:6633|279:E:6663|176:S:6695|34:S:6699|34:E:6716|33:S:6729|33:E:6755|34:S:6770|34:E:6787|34:S:6802|34:E:6805|176:E:6814|279:S:6827|34:S:6834|34:E:6851|33:S:6860|33:E:6886|34:S:6902|34:E:6919|34:S:6931|34:E:6934|8:S:6950|8:E:6950|279:E:6980|176:S:7012|34:S:7016|34:E:7019|33:S:7032|33:E:7080|176:E:7089|279:S:7102|34:S:7109|34:E:7112|33:S:7121|33:E:7169|8:S:7189|8:E:7189|279:E:7219|176:S:7251|34:S:7255|34:E:7272|33:S:7285|33:E:7333|34:S:7348|34:E:7365|176:E:7374|279:S:7387|34:S:7394|34:E:7411|33:S:7420|33:E:7468|34:S:7484|34:E:7501|8:S:7517|8:E:7517|279:E:7547|8:S:7576|8:E:7576|163:E:7585|158:E:7593|732:S:7622|428:S:7625|490:S:7630|525:S:7633|548:S:7650|8:S:7670|8:E:7670|548:E:7707|8:S:7722|8:E:7722|525:E:7732|8:S:7747|8:E:7747|8:S:7767|8:E:7767|490:E:7777|428:E:7780|732:E:7780|429:E:7783|379:E:7786|284:E:7793
42852,0,END,0,
75416,0,00,56,
75416,0,END,0,
0,0,00,4110,
78656,0,START,0,
78656,0,00,38,
78656,0,02,739,144:S:18|34:S:22|34:E:25|33:S:38|33:E:152|34:S:167|34:E:184|34:S:199|34:E:202|34:S:217|34:E:220|34:S:235|34:E:328|144:E:329|146:S:343|34:S:347|34:E:350|33:S:360|33:E:474|34:S:495|34:E:512|34:S:533|34:E:536|34:S:557|34:E:560|34:S:581|34:E:674|146:E:675
78656,4,11,3543,158:S:29|163:S:37|8:S:59|8:E:59|175:S:79|8:S:98|8:E:98|175:E:112|175:S:130|175:E:145|177:S:168|177:E:180|8:S:204|8:E:204|278:S:216|278:E:238|176:S:285|176:E:297|279:S:310|8:S:328|8:E:328|279:E:340|176:S:372|34:S:376|34:E:379|176:E:387|279:S:400|34:S:407|34:E:410|8:S:430|8:E:430|33:S:445|33:E:559|8:S:578|8:E:578|33:S:595|33:E:731|279:E:736|176:S:768|34:S:772|34:E:775|33:S:788|33:E:946|176:E:955|279:S:968|34:S:975|34:E:978|33:S:987|33:E:1145|8:S:1165|8:E:1165|279:E:1195|176:S:1227|34:S:1231|34:E:1234|33:S:1247|33:E:1449|176:E:1458|279:S:1471|34:S:1478|34:E:1481|33:S:1490|33:E:1692|8:S:1712|8:E:1712|279:E:1742|176:S:1774|34:S:1778|34:E:1781|33:S:1794|33:E:1820|176:E:1829|279:S:1842|34:S:1849|34:E:1852|33:S:1861|33:E:1887|8:S:1907|8:E:1907|279:E:1937|176:S:1992|34:S:1996|34:E:1999|33:S:2012|33:E:2170|34:S:2185|34:E:2312|176:E:2313|176:S:2346|34:S:2350|34:E:2353|33:S:2366|33:E:2458|34:S:2473|34:E:2476|176:E:2485|279:S:2498|34:S:2505|34:E:2508|33:S:2517|33:E:2609|34:S:2625|34:E:2628|8:S:2644|8:E:2644|279:E:2674|176:S:2706|34:S:2710|34:E:2713|33:S:2726|33:E:2862|34:S:2877|34:E:2880|176:E:2889|279:S:2902|34:S:2909|34:E:2912|33:S:2921|33:E:3057|34:S:3073|34:E:3076|8:S:3092|8:E:3092|279:E:3122|176:S:3154|34:S:3158|34:E:3161|33:S:3174|33:E:3266|176:E:3275|279:S:3288|34:S:3295|34:E:3298|33:S:3307|33:E:3399|8:S:3419|8:E:3419|279:E:3449|8:S:3478|8:E:3478|163:E:3487|158:E:3495
78656,8,02,273,144:S:18|34:S:22|34:E:25|33:S:38|33:E:64|34:S:79|34:E:104|144:E:105|146:S:119|34:S:123|34:E:126|33:S:136|33:E:162|34:S:183|34:E:208|146:E:209
78656,12,11,84,158:S:29|158:E:36
78656,16,01,67,
78656,20,02,160,144:S:18|34:S:22|34:E:47|144:E:49|146:S:63|34:S:67|34:E:92|146:E:96
78656,24,11,84,158:S:29|158:E:36
78656,28,01,67,
78656,32,01,67,
78656,36,09,693,8:S:25|8:E:25|167:S:64|8:S:83|8:E:83|167:E:97|167:S:137|167:E:152|161:S:178|161:E:190|158:S:226|158:E:239|8:S:258|8:E:258|130:S:319|8:S:341|8:E:341|265:S:353|265:E:375|130:E:384|181:S:400|181:E:402|182:S:413|8:S:430|8:E:430|44:S:441|8:S:453|8:E:453|8:S:470|8:E:470|8:S:496|8:E:496|8:S:513|8:E:513|76:S:538|8:S:550|8:E:550|76:E:565|8:S:586|8:E:586|8:S:664|8:E:664|44:E:680|182:E:682|184:S:690
42852,0,START,0,
42852,0,00,38,
42852,0,03,79,
42852,4,04,7632,160:S:31|163:S:39|8:S:61|8:E:61|175:S:81|8:S:100|8:E:100|175:E:114|175:S:132|175:E:147|177:S:170|177:E:182|8:S:206|8:E:206|278:S:218|278:E:240|176:S:287|176:E:299|279:S:312|8:S:330|8:E:330|279:E:342|176:S:374|34:S:378|34:E:381|176:E:389|279:S:402|34:S:409|34:E:412|8:S:432|8:E:432|33:S:447|33:E:561|8:S:580|8:E:580|33:S:597|33:E:733|279:E:738|176:S:770|34:S:774|34:E:777|33:S:790|33:E:948|176:E:957|279:S:970|34:S:977|34:E:980|33:S:989|33:E:1147|8:S:1167|8:E:1167|279:E:1197|176:S:1229|34:S:1233|34:E:1236|33:S:1249|33:E:1451|176:E:1460|279:S:1473|34:S:1480|34:E:1483|33:S:1492|33:E:1694|8:S:1714|8:E:1714|279:E:1744|176:S:1776|34:S:1780|34:E:1783|33:S:1796|33:E:1822|176:E:1831|279:S:1844|34:S:1851|34:E:1854|33:S:1863|33:E:1889|8:S:1909|8:E:1909|279:E:1939|176:S:1994|34:S:1998|34:E:2001|33:S:2014|33:E:2172|34:S:2187|34:E:2314|176:E:2315|176:S:2348|34:S:2352|34:E:2355|33:S:2368|33:E:2460|176:E:2469|279:S:2482|34:S:2489|34:E:2492|33:S:2501|33:E:2593|8:S:2613|8:E:2613|279:E:2643|176:S:2675|34:S:2679|34:E:2696|33:S:2709|33:E:2801|176:E:2810|279:S:2823|34:S:2830|34:E:2847|33:S:2856|33:E:2948|8:S:2968|8:E:2968|279:E:2998|176:S:3030|34:S:3034|34:E:3037|33:S:3050|33:E:3120|176:E:3129|279:S:3142|34:S:3149|34:E:3152|33:S:3161|33:E:3231|8:S:3251|8:E:3251|279:E:3281|176:S:3313|34:S:3317|34:E:3320|33:S:3333|33:E:3359|34:S:3374|34:E:3377|176:E:3386|279:S:3399|34:S:3406|34:E:3409|33:S:3418|33:E:3444|34:S:3460|34:E:3463|8:S:3479|8:E:3479|279:E:3509|176:S:3541|34:S:3545|34:E:3562|33:S:3575|33:E:3601|34:S:3616|34:E:3633|176:E:3642|279:S:3655|34:S:3662|34:E:3679|33:S:3688|33:E:3714|34:S:3730|34:E:3747|8:S:3763|8:E:3763|279:E:3793|176:S:3825|34:S:3829|34:E:3846|33:S:3859|33:E:3885|176:E:3894|279:S:3907|34:S:3914|34:E:3931|33:S:3940|33:E:3966|8:S:3986|8:E:3986|279:E:4016|176:S:4048|34:S:4052|34:E:4069|33:S:4082|33:E:4108|176:E:4117|279:S:4130|34:S:4137|34:E:4154|33:S:4163|33:E:4189|8:S:4209|8:E:4209|279:E:4239|176:S:4271|34:S:4275|34:E:4292|33:S:4305|33:E:4331|176:E:4340|279:S:4353|34:S:4360|34:E:4377|33:S:4386|33:E:4412|8:S:4432|8:E:4432|279:E:4462|176:S:4494|34:S:4498|34:E:4515|33:S:4528|33:E:4554|34:S:4569|34:E:4586|34:S:4601|34:E:4626|176:E:4627|176:S:4660|34:S:4664|34:E:4681|33:S:4694|33:E:4720|34:S:4735|34:E:4738|176:E:4747|279:S:4760|34:S:4767|34:E:4784|33:S:4793|33:E:4819|34:S:4835|34:E:4838|8:S:4854|8:E:4854|279:E:4884|176:S:4916|34:S:4920|34:E:4923|33:S:4936|33:E:4984|34:S:4999|34:E:5002|176:E:5011|279:S:5024|34:S:5031|34:E:5034|33:S:5043|33:E:5091|34:S:5107|34:E:5110|8:S:5126|8:E:5126|279:E:5156|176:S:5188|34:S:5192|34:E:5195|33:S:5208|33:E:5234|34:S:5249|34:E:5252|176:E:5261|279:S:5274|34:S:5281|34:E:5284|33:S:5293|33:E:5319|34:S:5335|34:E:5338|8:S:5354|8:E:5354|279:E:5384|176:S:5416|34:S:5420|34:E:5423|33:S:5436|33:E:5484|176:E:5493|279:S:5506|34:S:5513|34:E:5516|33:S:5525|33:E:5573|8:S:5593|8:E:5593|279:E:5623|176:S:5655|34:S:5659|34:E:5662|33:S:5675|33:E:5701|34:S:5716|34:E:5719|176:E:5728|279:S:5741|34:S:5748|34:E:5751|33:S:5760|33:E:5786|34:S:5802|34:E:5805|8:S:5821|8:E:5821|279:E:5851|176:S:5883|34:S:5887|34:E:5904|33:S:5917|33:E:5943|34:S:5958|34:E:5975|34:S:5990|34:E:5993|176:E:6002|279:S:6015|34:S:6022|34:E:6039|33:S:6048|33:E:6074|34:S:6090|34:E:6107|34:S:6119|34:E:6122|8:S:6138|8:E:6138|279:E:6168|176:S:6200|34:S:6204|34:E:6221|33:S:6234|33:E:6260|34:S:6275|34:E:6292|34:S:6307|34:E:6310|176:E:6319|279:S:6332|34:S:6339|34:E:6356|33:S:6365|33:E:6391|34:S:6407|34:E:6424|34:S:6436|34:E:6439|8:S:6455|8:E:6455|279:E:6485|176:S:6517|34:S:6521|34:E:6524|33:S:6537|33:E:6585|176:E:6594|279:S:6607|34:S:6614|34:E:6617|33:S:6626|33:E:6674|8:S:6694|8:E:6694|279:E:6724|176:S:6756|34:S:6760|34:E:6777|33:S:6790|33:E:6838|34:S:6853|34:E:6870|176:E:6879|279:S:6892|34:S:6899|34:E:6916|33:S:6925|33:E:6973|34:S:6989|34:E:7006|8:S:7022|8:E:7022|279:E:7052|8:S:7081|8:E:7081|163:E:7090|176:S:7101|34:S:7105|34:E:7108|33:S:7121|33:E:7147|34:S:7162|34:E:7187|176:E:7188|178:S:7200|34:S:7204|34:E:7207|33:S:7217|33:E:7243|34:S:7264|34:E:7289|178:E:7290|34:S:7318|34:E:7321|34:S:7341|34:E:7344|34:S:7364|34:E:7367|34:S:7387|34:E:7390|34:S:7410|34:E:7435|8:S:7456|8:E:7456|8:S:7476|8:E:7476|8:S:7508|8:E:7508|178:S:7526|34:S:7530|34:E:7555|178:E:7559|160:E:7562
42852,8,11,4373,158:S:29|163:S:37|8:S:54|8:E:54|175:S:74|8:S:93|8:E:93|175:E:107|175:S:125|175:E:140|175:S:158|175:E:173|177:S:196|177:E:208|8:S:232|8:E:232|278:S:244|278:E:273|176:S:320|176:E:332|279:S:345|8:S:363|8:E:363|279:E:375|176:S:407|34:S:411|34:E:414|176:E:422|279:S:435|34:S:442|34:E:445|8:S:465|8:E:465|33:S:480|33:E:594|8:S:613|8:E:613|33:S:630|33:E:766|279:E:771|176:S:803|34:S:807|34:E:810|33:S:823|33:E:981|176:E:990|279:S:1003|34:S:1010|34:E:1013|33:S:1022|33:E:1180|8:S:1200|8:E:1200|279:E:1230|176:S:1262|34:S:1266|34:E:1269|33:S:1282|33:E:1484|176:E:1493|279:S:1506|34:S:1513|34:E:1516|33:S:1525|33:E:1727|8:S:1747|8:E:1747|279:E:1777|176:S:1809|34:S:1813|34:E:1816|33:S:1829|33:E:1855|176:E:1864|279:S:1877|34:S:1884|34:E:1887|33:S:1896|33:E:1922|8:S:1942|8:E:1942|279:E:1972|176:S:2027|34:S:2031|34:E:2034|33:S:2047|33:E:2205|34:S:2220|34:E:2347|176:E:2348|176:S:2381|34:S:2385|34:E:2388|33:S:2401|33:E:2493|34:S:2508|34:E:2511|176:E:2520|279:S:2533|34:S:2540|34:E:2543|33:S:2552|33:E:2644|34:S:2660|34:E:2663|8:S:2679|8:E:2679|279:E:2709|176:S:2741|34:S:2745|34:E:2748|33:S:2761|33:E:2897|34:S:2912|34:E:2915|176:E:2924|279:S:2937|34:S:2944|34:E:2947|33:S:2956|33:E:3092|34:S:3108|34:E:3111|8:S:3127|8:E:3127|279:E:3157|176:S:3189|34:S:3193|34:E:3196|33:S:3209|33:E:3301|176:E:3310|279:S:3323|34:S:3330|34:E:3333|33:S:3342|33:E:3434|8:S:3454|8:E:3454|279:E:3484|176:S:3539|34:S:3543|34:E:3546|33:S:3559|33:E:3717|34:S:3732|34:E:3859|176:E:3860|176:S:3893|34:S:3897|34:E:3900|33:S:3913|33:E:4049|176:E:4058|279:S:4071|34:S:4078|34:E:4081|33:S:4090|33:E:4226|8:S:4246|8:E:4246|279:E:4276|8:S:4305|8:E:4305|163:E:4314|158:E:4325
42852,12,03,79,
42852,16,09,7840,8:S:25|8:E:25|167:S:64|8:S:83|8:E:83|167:E:97|161:S:123|161:E:127|158:S:163|158:E:170|8:S:191|8:E:191|130:S:246|8:S:268|8:E:268|265:S:280|265:E:295|130:E:304|181:S:320|181:E:322|182:S:333|8:S:347|8:E:347|76:S:363|8:S:375|8:E:375|76:E:390|182:E:393|284:S:401|316:S:404|8:S:424|8:E:424|789:S:458|315:S:459|315:E:459|789:E:459|789:S:491|315:S:492|315:E:492|789:E:492|316:E:502|379:S:518|429:S:522|158:S:526|163:S:534|8:S:556|8:E:556|175:S:576|8:S:595|8:E:595|175:E:609|175:S:627|175:E:642|177:S:665|177:E:677|8:S:701|8:E:701|278:S:713|278:E:735|176:S:782|176:E:794|279:S:807|8:S:825|8:E:825|279:E:837|176:S:869|34:S:873|34:E:876|176:E:884|279:S:897|34:S:904|34:E:907|8:S:927|8:E:927|33:S:942|33:E:1056|8:S:1075|8:E:1075|33:S:1092|33:E:1228|279:E:1233|176:S:1265|34:S:1269|34:E:1272|33:S:1285|33:E:1443|176:E:1452|279:S:1465|34:S:1472|34:E:1475|33:S:1484|33:E:1642|8:S:1662|8:E:1662|279:E:1692|176:S:1724|34:S:1728|34:E:1731|33:S:1744|33:E:1946|176:E:1955|279:S:1968|34:S:1975|34:E:1978|33:S:1987|33:E:2189|8:S:2209|8:E:2209|279:E:2239|176:S:2271|34:S:2275|34:E:2278|33:S:2291|33:E:2317|176:E:2326|279:S:2339|34:S:2346|34:E:2349|33:S:2358|33:E:2384|8:S:2404|8:E:2404|279:E:2434|176:S:2489|34:S:2493|34:E:2496|33:S:2509|33:E:2667|34:S:2682|34:E:2809|176:E:2810|176:S:2843|34:S:2847|34:E:2850|33:S:2863|33:E:2955|176:E:2964|279:S:2977|34:S:2984|34:E:2987|33:S:2996|33:E:3088|8:S:3108|8:E:3108|279:E:3138|176:S:3170|34:S:3174|34:E:3191|33:S:3204|33:E:3296|176:E:3305|279:S:3318|34:S:3325|34:E:3342|33:S:3351|33:E:3443|8:S:3463|8:E:3463|279:E:3493|176:S:3525|34:S:3529|34:E:3532|33:S:3545|33:E:3615|176:E:3624|279:S:3637|34:S:3644|34:E:3647|33:S:3656|33:E:3726|8:S:3746|8:E:3746|279:E:3776|176:S:3808|34:S:3812|34:E:3815|33:S:3828|33:E:3854|34:S:3869|34:E:3872|176:E:3881|279:S:3894|34:S:3901|34:E:3904|33:S:3913|33:E:3939|34:S:3955|34:E:3958|8:S:3974|8:E:3974|279:E:4004|176:S:4036|34:S:4040|34:E:4057|33:S:4070|33:E:4096|34:S:4111|34:E:4128|176:E:4137|279:S:4150|34:S:4157|34:E:4174|33:S:4183|33:E:4209|34:S:4225|34:E:4242|8:S:4258|8:E:4258|279:E:4288|176:S:4320|34:S:4324|34:E:4341|33:S:4354|33:E:4380|176:E:4389|279:S:4402|34:S:4409|34:E:4426|33:S:4435|33:E:4461|8:S:4481|8:E:4481|279:E:4511|176:S:4543|34:S:4547|34:E:4564|33:S:4577|33:E:4603|176:E:4612|279:S:4625|34:S:4632|34:E:4649|33:S:4658|33:E:4684|8:S:4704|8:E:4704|279:E:4734|176:S:4766|34:S:4770|34:E:4787|33:S:4800|33:E:4826|176:E:4835|279:S:4848|34:S:4855|34:E:4872|33:S:4881|33:E:4907|8:S:4927|8:E:4927|279:E:4957|176:S:4989|34:S:4993|34:E:5010|33:S:5023|33:E:5049|34:S:5064|34:E:5081|34:S:5096|34:E:5121|176:E:5122|176:S:5155|34:S:5159|34:E:5176|33:S:5189|33:E:5215|34:S:5230|34:E:5233|176:E:5242|279:S:5255|34:S:5262|34:E:5279|33:S:5288|33:E:5314|34:S:5330|34:E:5333|8:S:5349|8:E:5349|279:E:5379|176:S:5411|34:S:5415|34:E:5418|33:S:5431|33:E:5479|34:S:5494|34:E:5497|176:E:5506|279:S:5519|34:S:5526|34:E:5529|33:S:5538|33:E:5586|34:S:5602|34:E:5605|8:S:5621|8:E:5621|279:E:5651|176:S:5683|34:S:5687|34:E:5690|33:S:5703|33:E:5729|34:S:5744|34:E:5747|176:E:5756|279:S:5769|34:S:5776|34:E:5779|33:S:5788|33:E:5814|34:S:5830|34:E:5833|8:S:5849|8:E:5849|279:E:5879|176:S:5911|34:S:5915|34:E:5918|33:S:5931|33:E:5979|176:E:5988|279:S:6001|34:S:6008|34:E:6011|33:S:6020|33:E:6068|8:S:6088|8:E:6088|279:E:6118|176:S:6150|34:S:6154|34:E:6157|33:S:6170|33:E:6196|34:S:6211|34:E:6214|176:E:6223|279:S:6236|34:S:6243|34:E:6246|33:S:6255|33:E:6281|34:S:6297|34:E:6300|8:S:6316|8:E:6316|279:E:6346|176:S:6378|34:S:6382|34:E:6399|33:S:6412|33:E:6438|34:S:6453|34:E:6470|34:S:6485|34:E:6488|176:E:6497|279:S:6510|34:S:6517|34:E:6534|33:S:6543|33:E:6569|34:S:6585|34:E:6602|34:S:6614|34:E:6617|8:S:6633|8:E:6633|279:E:6663|176:S:6695|34:S:6699|34:E:6716|33:S:6729|33:E:6755|34:S:6770|34:E:6787|34:S:6802|34:E:6805|176:E:6814|279:S:6827|34:S:6834|34:E:6851|33:S:6860|33:E:6886|34:S:6902|34:E:6919|34:S:6931|34:E:6934|8:S:6950|8:E:6950|279:E:6980|176:S:7012|34:S:7016|34:E:7019|33:S:7032|33:E:7080|176:E:7089|279:S:7102|34:S:7109|34:E:7112|33:S:7121|33:E:7169|8:S:7189|8:E:7189|279:E:7219|176:S:7251|34:S:7255|34:E:7272|33:S:7285|33:E:7333|34:S:7348|34:E:7365|176:E:7374|279:S:7387|34:S:7394|34:E:7411|33:S:7420|33:E:7468|34:S:7484|34:E:7501|8:S:7517|8:E:7517|279:E:7547|8:S:7576|8:E:7576|163:E:7585|158:E:7593|732:S:7622|428:S:7625|490:S:7630|525:S:7633|548:S:7650|8:S:7670|8:E:7670|548:E:7707|8:S:7722|8:E:7722|525:E:7732|8:S:7747|8:E:7747|8:S:7767|8:E:7767|490:E:7777|428:E:7780|732:E:7780|429:E:7783|379:E:7786|284:E:7793
42852,0,END,0,
78656,0,00,72,
78656,40,09,693,8:S:25|8:E:25|167:S:64|8:S:83|8:E:83|167:E:97|167:S:137|167:E:152|161:S:178|161:E:190|158:S:226|158:E:239|8:S:258|8:E:258|130:S:319|8:S:341|8:E:341|265:S:353|265:E:375|130:E:384|181:S:400|181:E:402|182:S:413|8:S:430|8:E:430|44:S:441|8:S:453|8:E:453|8:S:470|8:E:470|8:S:496|8:E:496|8:S:513|8:E:513|76:S:538|8:S:550|8:E:550|76:E:565|8:S:586|8:E:586|8:S:664|8:E:664|44:E:680|182:E:682|184:S:690
42852,0,START,0,
42852,0,00,38,
42852,0,03,79,
42852,4,04,7632,160:S:31|163:S:39|8:S:61|8:E:61|175:S:81|8:S:100|8:E:100|175:E:114|175:S:132|175:E:147|177:S:170|177:E:182|8:S:206|8:E:206|278:S:218|278:E:240|176:S:287|176:E:299|279:S:312|8:S:330|8:E:330|279:E:342|176:S:374|34:S:378|34:E:381|176:E:389|279:S:402|34:S:409|34:E:412|8:S:432|8:E:432|33:S:447|33:E:561|8:S:580|8:E:580|33:S:597|33:E:733|279:E:738|176:S:770|34:S:774|34:E:777|33:S:790|33:E:948|176:E:957|279:S:970|34:S:977|34:E:980|33:S:989|33:E:1147|8:S:1167|8:E:1167|279:E:1197|176:S:1229|34:S:1233|34:E:1236|33:S:1249|33:E:1451|176:E:1460|279:S:1473|34:S:1480|34:E:1483|33:S:1492|33:E:1694|8:S:1714|8:E:1714|279:E:1744|176:S:1776|34:S:1780|34:E:1783|33:S:1796|33:E:1822|176:E:1831|279:S:1844|34:S:1851|34:E:1854|33:S:1863|33:E:1889|8:S:1909|8:E:1909|279:E:1939|176:S:1994|34:S:1998|34:E:2001|33:S:2014|33:E:2172|34:S:2187|34:E:2314|176:E:2315|176:S:2348|34:S:2352|34:E:2355|33:S:2368|33:E:2460|176:E:2469|279:S:2482|34:S:2489|34:E:2492|33:S:2501|33:E:2593|8:S:2613|8:E:2613|279:E:2643|176:S:2675|34:S:2679|34:E:2696|33:S:2709|33:E:2801|176:E:2810|279:S:2823|34:S:2830|34:E:2847|33:S:2856|33:E:2948|8:S:2968|8:E:2968|279:E:2998|176:S:3030|34:S:3034|34:E:3037|33:S:3050|33:E:3120|176:E:3129|279:S:3142|34:S:3149|34:E:3152|33:S:3161|33:E:3231|8:S:3251|8:E:3251|279:E:3281|176:S:3313|34:S:3317|34:E:3320|33:S:3333|33:E:3359|34:S:3374|34:E:3377|176:E:3386|279:S:3399|34:S:3406|34:E:3409|33:S:3418|33:E:3444|34:S:3460|34:E:3463|8:S:3479|8:E:3479|279:E:3509|176:S:3541|34:S:3545|34:E:3562|33:S:3575|33:E:3601|34:S:3616|34:E:3633|176:E:3642|279:S:3655|34:S:3662|34:E:3679|33:S:3688|33:E:3714|34:S:3730|34:E:3747|8:S:3763|8:E:3763|279:E:3793|176:S:3825|34:S:3829|34:E:3846|33:S:3859|33:E:3885|176:E:3894|279:S:3907|34:S:3914|34:E:3931|33:S:3940|33:E:3966|8:S:3986|8:E:3986|279:E:4016|176:S:4048|34:S:4052|34:E:4069|33:S:4082|33:E:4108|176:E:4117|279:S:4130|34:S:4137|34:E:4154|33:S:4163|33:E:4189|8:S:4209|8:E:4209|279:E:4239|176:S:4271|34:S:4275|34:E:4292|33:S:4305|33:E:4331|176:E:4340|279:S:4353|34:S:4360|34:E:4377|33:S:4386|33:E:4412|8:S:4432|8:E:4432|279:E:4462|176:S:4494|34:S:4498|34:E:4515|33:S:4528|33:E:4554|34:S:4569|34:E:4586|34:S:4601|34:E:4626|176:E:4627|176:S:4660|34:S:4664|34:E:4681|33:S:4694|33:E:4720|34:S:4735|34:E:4738|176:E:4747|279:S:4760|34:S:4767|34:E:4784|33:S:4793|33:E:4819|34:S:4835|34:E:4838|8:S:4854|8:E:4854|279:E:4884|176:S:4916|34:S:4920|34:E:4923|33:S:4936|33:E:4984|34:S:4999|34:E:5002|176:E:5011|279:S:5024|34:S:5031|34:E:5034|33:S:5043|33:E:5091|34:S:5107|34:E:5110|8:S:5126|8:E:5126|279:E:5156|176:S:5188|34:S:5192|34:E:5195|33:S:5208|33:E:5234|34:S:5249|34:E:5252|176:E:5261|279:S:5274|34:S:5281|34:E:5284|33:S:5293|33:E:5319|34:S:5335|34:E:5338|8:S:5354|8:E:5354|279:E:5384|176:S:5416|34:S:5420|34:E:5423|33:S:5436|33:E:5484|176:E:5493|279:S:5506|34:S:5513|34:E:5516|33:S:5525|33:E:5573|8:S:5593|8:E:5593|279:E:5623|176:S:5655|34:S:5659|34:E:5662|33:S:5675|33:E:5701|34:S:5716|34:E:5719|176:E:5728|279:S:5741|34:S:5748|34:E:5751|33:S:5760|33:E:5786|34:S:5802|34:E:5805|8:S:5821|8:E:5821|279:E:5851|176:S:5883|34:S:5887|34:E:5904|33:S:5917|33:E:5943|34:S:5958|34:E:5975|34:S:5990|34:E:5993|176:E:6002|279:S:6015|34:S:6022|34:E:6039|33:S:6048|33:E:6074|34:S:6090|34:E:6107|34:S:6119|34:E:6122|8:S:6138|8:E:6138|279:E:6168|176:S:6200|34:S:6204|34:E:6221|33:S:6234|33:E:6260|34:S:6275|34:E:6292|34:S:6307|34:E:6310|176:E:6319|279:S:6332|34:S:6339|34:E:6356|33:S:6365|33:E:6391|34:S:6407|34:E:6424|34:S:6436|34:E:6439|8:S:6455|8:E:6455|279:E:6485|176:S:6517|34:S:6521|34:E:6524|33:S:6537|33:E:6585|176:E:6594|279:S:6607|34:S:6614|34:E:6617|33:S:6626|33:E:6674|8:S:6694|8:E:6694|279:E:6724|176:S:6756|34:S:6760|34:E:6777|33:S:6790|33:E:6838|34:S:6853|34:E:6870|176:E:6879|279:S:6892|34:S:6899|34:E:6916|33:S:6925|33:E:6973|34:S:6989|34:E:7006|8:S:7022|8:E:7022|279:E:7052|8:S:7081|8:E:7081|163:E:7090|176:S:7101|34:S:7105|34:E:7108|33:S:7121|33:E:7147|34:S:7162|34:E:7187|176:E:7188|178:S:7200|34:S:7204|34:E:7207|33:S:7217|33:E:7243|34:S:7264|34:E:7289|178:E:7290|34:S:7318|34:E:7321|34:S:7341|34:E:7344|34:S:7364|34:E:7367|34:S:7387|34:E:7390|34:S:7410|34:E:7435|8:S:7456|8:E:7456|8:S:7476|8:E:7476|8:S:7508|8:E:7508|178:S:7526|34:S:7530|34:E:7555|178:E:7559|160:E:7562
42852,8,11,4373,158:S:29|163:S:37|8:S:54|8:E:54|175:S:74|8:S:93|8:E:93|175:E:107|175:S:125|175:E:140|175:S:158|175:E:173|177:S:196|177:E:208|8:S:232|8:E:232|278:S:244|278:E:273|176:S:320|176:E:332|279:S:345|8:S:363|8:E:363|279:E:375|176:S:407|34:S:411|34:E:414|176:E:422|279:S:435|34:S:442|34:E:445|8:S:465|8:E:465|33:S:480|33:E:594|8:S:613|8:E:613|33:S:630|33:E:766|279:E:771|176:S:803|34:S:807|34:E:810|33:S:823|33:E:981|176:E:990|279:S:1003|34:S:1010|34:E:1013|33:S:1022|33:E:1180|8:S:1200|8:E:1200|279:E:1230|176:S:1262|34:S:1266|34:E:1269|33:S:1282|33:E:1484|176:E:1493|279:S:1506|34:S:1513|34:E:1516|33:S:1525|33:E:1727|8:S:1747|8:E:1747|279:E:1777|176:S:1809|34:S:1813|34:E:1816|33:S:1829|33:E:1855|176:E:1864|279:S:1877|34:S:1884|34:E:1887|33:S:1896|33:E:1922|8:S:1942|8:E:1942|279:E:1972|176:S:2027|34:S:2031|34:E:2034|33:S:2047|33:E:2205|34:S:2220|34:E:2347|176:E:2348|176:S:2381|34:S:2385|34:E:2388|33:S:2401|33:E:2493|34:S:2508|34:E:2511|176:E:2520|279:S:2533|34:S:2540|34:E:2543|33:S:2552|33:E:2644|34:S:2660|34:E:2663|8:S:2679|8:E:2679|279:E:2709|176:S:2741|34:S:2745|34:E:2748|33:S:2761|33:E:2897|34:S:2912|34:E:2915|176:E:2924|279:S:2937|34:S:2944|34:E:2947|33:S:2956|33:E:3092|34:S:3108|34:E:3111|8:S:3127|8:E:3127|279:E:3157|176:S:3189|34:S:3193|34:E:3196|33:S:3209|33:E:3301|176:E:3310|279:S:3323|34:S:3330|34:E:3333|33:S:3342|33:E:3434|8:S:3454|8:E:3454|279:E:3484|176:S:3539|34:S:3543|34:E:3546|33:S:3559|33:E:3717|34:S:3732|34:E:3859|176:E:3860|176:S:3893|34:S:3897|34:E:3900|33:S:3913|33:E:4049|176:E:4058|279:S:4071|34:S:4078|34:E:4081|33:S:4090|33:E:4226|8:S:4246|8:E:4246|279:E:4276|8:S:4305|8:E:4305|163:E:4314|158:E:4325
42852,12,03,79,
42852,16,09,7840,8:S:25|8:E:25|167:S:64|8:S:83|8:E:83|167:E:97|161:S:123|161:E:127|158:S:163|158:E:170|8:S:191|8:E:191|130:S:246|8:S:268|8:E:268|265:S:280|265:E:295|130:E:304|181:S:320|181:E:322|182:S:333|8:S:347|8:E:347|76:S:363|8:S:375|8:E:375|76:E:390|182:E:393|284:S:401|316:S:404|8:S:424|8:E:424|789:S:458|315:S:459|315:E:459|789:E:459|789:S:491|315:S:492|315:E:492|789:E:492|316:E:502|379:S:518|429:S:522|158:S:526|163:S:534|8:S:556|8:E:556|175:S:576|8:S:595|8:E:595|175:E:609|175:S:627|175:E:642|177:S:665|177:E:677|8:S:701|8:E:701|278:S:713|278:E:735|176:S:782|176:E:794|279:S:807|8:S:825|8:E:825|279:E:837|176:S:869|34:S:873|34:E:876|176:E:884|279:S:897|34:S:904|34:E:907|8:S:927|8:E:927|33:S:942|33:E:1056|8:S:1075|8:E:1075|33:S:1092|33:E:1228|279:E:1233|176:S:1265|34:S:1269|34:E:1272|33:S:1285|33:E:1443|176:E:1452|279:S:1465|34:S:1472|34:E:1475|33:S:1484|33:E:1642|8:S:1662|8:E:1662|279:E:1692|176:S:1724|34:S:1728|34:E:1731|33:S:1744|33:E:1946|176:E:1955|279:S:1968|34:S:1975|34:E:1978|33:S:1987|33:E:2189|8:S:2209|8:E:2209|279:E:2239|176:S:2271|34:S:2275|34:E:2278|33:S:2291|33:E:2317|176:E:2326|279:S:2339|34:S:2346|34:E:2349|33:S:2358|33:E:2384|8:S:2404|8:E:2404|279:E:2434|176:S:2489|34:S:2493|34:E:2496|33:S:2509|33:E:2667|34:S:2682|34:E:2809|176:E:2810|176:S:2843|34:S:2847|34:E:2850|33:S:2863|33:E:2955|176:E:2964|279:S:2977|34:S:2984|34:E:2987|33:S:2996|33:E:3088|8:S:3108|8:E:3108|279:E:3138|176:S:3170|34:S:3174|34:E:3191|33:S:3204|33:E:3296|176:E:3305|279:S:3318|34:S:3325|34:E:3342|33:S:3351|33:E:3443|8:S:3463|8:E:3463|279:E:3493|176:S:3525|34:S:3529|34:E:3532|33:S:3545|33:E:3615|176:E:3624|279:S:3637|34:S:3644|34:E:3647|33:S:3656|33:E:3726|8:S:3746|8:E:3746|279:E:3776|176:S:3808|34:S:3812|34:E:3815|33:S:3828|33:E:3854|34:S:3869|34:E:3872|176:E:3881|279:S:3894|34:S:3901|34:E:3904|33:S:3913|33:E:3939|34:S:3955|34:E:3958|8:S:3974|8:E:3974|279:E:4004|176:S:4036|34:S:4040|34:E:4057|33:S:4070|33:E:4096|34:S:4111|34:E:4128|176:E:4137|279:S:4150|34:S:4157|34:E:4174|33:S:4183|33:E:4209|34:S:4225|34:E:4242|8:S:4258|8:E:4258|279:E:4288|176:S:4320|34:S:4324|34:E:4341|33:S:4354|33:E:4380|176:E:4389|279:S:4402|34:S:4409|34:E:4426|33:S:4435|33:E:4461|8:S:4481|8:E:4481|279:E:4511|176:S:4543|34:S:4547|34:E:4564|33:S:4577|33:E:4603|176:E:4612|279:S:4625|34:S:4632|34:E:4649|33:S:4658|33:E:4684|8:S:4704|8:E:4704|279:E:4734|176:S:4766|34:S:4770|34:E:4787|33:S:4800|33:E:4826|176:E:4835|279:S:4848|34:S:4855|34:E:4872|33:S:4881|33:E:4907|8:S:4927|8:E:4927|279:E:4957|176:S:4989|34:S:4993|34:E:5010|33:S:5023|33:E:5049|34:S:5064|34:E:5081|34:S:5096|34:E:5121|176:E:5122|176:S:5155|34:S:5159|34:E:5176|33:S:5189|33:E:5215|34:S:5230|34:E:5233|176:E:5242|279:S:5255|34:S:5262|34:E:5279|33:S:5288|33:E:5314|34:S:5330|34:E:5333|8:S:5349|8:E:5349|279:E:5379|176:S:5411|34:S:5415|34:E:5418|33:S:5431|33:E:5479|34:S:5494|34:E:5497|176:E:5506|279:S:5519|34:S:5526|34:E:5529|33:S:5538|33:E:5586|34:S:5602|34:E:5605|8:S:5621|8:E:5621|279:E:5651|176:S:5683|34:S:5687|34:E:5690|33:S:5703|33:E:5729|34:S:5744|34:E:5747|176:E:5756|279:S:5769|34:S:5776|34:E:5779|33:S:5788|33:E:5814|34:S:5830|34:E:5833|8:S:5849|8:E:5849|279:E:5879|176:S:5911|34:S:5915|34:E:5918|33:S:5931|33:E:5979|176:E:5988|279:S:6001|34:S:6008|34:E:6011|33:S:6020|33:E:6068|8:S:6088|8:E:6088|279:E:6118|176:S:6150|34:S:6154|34:E:6157|33:S:6170|33:E:6196|34:S:6211|34:E:6214|176:E:6223|279:S:6236|34:S:6243|34:E:6246|33:S:6255|33:E:6281|34:S:6297|34:E:6300|8:S:6316|8:E:6316|279:E:6346|176:S:6378|34:S:6382|34:E:6399|33:S:6412|33:E:6438|34:S:6453|34:E:6470|34:S:6485|34:E:6488|176:E:6497|279:S:6510|34:S:6517|34:E:6534|33:S:6543|33:E:6569|34:S:6585|34:E:6602|34:S:6614|34:E:6617|8:S:6633|8:E:6633|279:E:6663|176:S:6695|34:S:6699|34:E:6716|33:S:6729|33:E:6755|34:S:6770|34:E:6787|34:S:6802|34:E:6805|176:E:6814|279:S:6827|34:S:6834|34:E:6851|33:S:6860|33:E:6886|34:S:6902|34:E:6919|34:S:6931|34:E:6934|8:S:6950|8:E:6950|279:E:6980|176:S:7012|34:S:7016|34:E:7019|33:S:7032|33:E:7080|176:E:7089|279:S:7102|34:S:7109|34:E:7112|33:S:7121|33:E:7169|8:S:7189|8:E:7189|279:E:7219|176:S:7251|34:S:7255|34:E:7272|33:S:7285|33:E:7333|34:S:7348|34:E:7365|176:E:7374|279:S:7387|34:S:7394|34:E:7411|33:S:7420|33:E:7468|34:S:7484|34:E:7501|8:S:7517|8:E:7517|279:E:7547|8:S:7576|8:E:7576|163:E:7585|158:E:7593|732:S:7622|428:S:7625|490:S:7630|525:S:7633|548:S:7650|8:S:7670|8:E:7670|548:E:7707|8:S:7722|8:E:7722|525:E:7732|8:S:7747|8:E:7747|8:S:7767|8:E:7767|490:E:7777|428:E:7780|732:E:7780|429:E:7783|379:E:7786|284:E:7793
42852,0,END,0,
78656,0,00,72,
78656,44,09,577,8:S:25|8:E:25|167:S:64|8:S:83|8:E:83|167:E:97|161:S:123|161:E:127|158:S:163|158:E:176|8:S:195|8:E:195|130:S:236|8:S:258|8:E:258|265:S:270|265:E:285|130:E:294|181:S:310|181:E:312|182:S:323|8:S:340|8:E:340|44:S:351|8:S:363|8:E:363|8:S:380|8:E:380|8:S:406|8:E:406|8:S:423|8:E:423|76:S:448|8:S:460|8:E:460|76:E:475|8:S:496|8:E:496|8:S:548|8:E:548|44:E:564|182:E:566|184:S:574
58424,0,START,0,
58424,0,00,38,
58424,0,02,619,144:S:18|34:S:22|34:E:25|33:S:38|33:E:130|34:S:145|34:E:148|34:S:163|34:E:180|34:S:195|34:E:271|144:E:272|146:S:286|34:S:290|34:E:293|33:S:303|33:E:395|34:S:416|34:E:419|34:S:440|34:E:457|34:S:478|34:E:554|146:E:555
58424,4,11,3543,158:S:29|163:S:37|8:S:59|8:E:59|175:S:79|8:S:98|8:E:98|175:E:112|175:S:130|175:E:145|177:S:168|177:E:180|8:S:204|8:E:204|278:S:216|278:E:238|176:S:285|176:E:297|279:S:310|8:S:328|8:E:328|279:E:340|176:S:372|34:S:376|34:E:379|176:E:387|279:S:400|34:S:407|34:E:410|8:S:430|8:E:430|33:S:445|33:E:559|8:S:578|8:E:578|33:S:595|33:E:731|279:E:736|176:S:768|34:S:772|34:E:775|33:S:788|33:E:946|176:E:955|279:S:968|34:S:975|34:E:978|33:S:987|33:E:1145|8:S:1165|8:E:1165|279:E:1195|176:S:1227|34:S:1231|34:E:1234|33:S:1247|33:E:1449|176:E:1458|279:S:1471|34:S:1478|34:E:1481|33:S:1490|33:E:1692|8:S:1712|8:E:1712|279:E:1742|176:S:1774|34:S:1778|34:E:1781|33:S:1794|33:E:1820|176:E:1829|279:S:1842|34:S:1849|34:E:1852|33:S:1861|33:E:1887|8:S:1907|8:E:1907|279:E:1937|176:S:1992|34:S:1996|34:E:1999|33:S:2012|33:E:2170|34:S:2185|34:E:2312|176:E:2313|176:S:2346|34:S:2350|34:E:2353|33:S:2366|33:E:2458|34:S:2473|34:E:2476|176:E:2485|279:S:2498|34:S:2505|34:E:2508|33:S:2517|33:E:2609|34:S:2625|34:E:2628|8:S:2644|8:E:2644|279:E:2674|176:S:2706|34:S:2710|34:E:2713|33:S:2726|33:E:2862|34:S:2877|34:E:2880|176:E:2889|279:S:2902|34:S:2909|34:E:2912|33:S:2921|33:E:3057|34:S:3073|34:E:3076|8:S:3092|8:E:3092|279:E:3122|176:S:3154|34:S:3158|34:E:3161|33:S:3174|33:E:3266|176:E:3275|279:S:3288|34:S:3295|34:E:3298|33:S:3307|33:E:3399|8:S:3419|8:E:3419|279:E:3449|8:S:3478|8:E:3478|163:E:3487|158:E:3495
58424,8,03,79,
58424,12,04,8296,160:S:31|163:S:39|8:S:61|8:E:61|175:S:81|8:S:100|8:E:100|175:E:114|175:S:132|175:E:147|177:S:170|177:E:182|8:S:206|8:E:206|278:S:218|278:E:240|176:S:287|176:E:299|279:S:312|8:S:330|8:E:330|279:E:342|176:S:374|34:S:378|34:E:381|176:E:389|279:S:402|34:S:409|34:E:412|8:S:432|8:E:432|33:S:447|33:E:561|8:S:580|8:E:580|33:S:597|33:E:733|279:E:738|176:S:770|34:S:774|34:E:777|33:S:790|33:E:948|176:E:957|279:S:970|34:S:977|34:E:980|33:S:989|33:E:1147|8:S:1167|8:E:1167|279:E:1197|176:S:1229|34:S:1233|34:E:1236|33:S:1249|33:E:1451|176:E:1460|279:S:1473|34:S:1480|34:E:1483|33:S:1492|33:E:1694|8:S:1714|8:E:1714|279:E:1744|176:S:1776|34:S:1780|34:E:1783|33:S:1796|33:E:1822|176:E:1831|279:S:1844|34:S:1851|34:E:1854|33:S:1863|33:E:1889|8:S:1909|8:E:1909|279:E:1939|176:S:1994|34:S:1998|34:E:2001|33:S:2014|33:E:2172|34:S:2187|34:E:2314|176:E:2315|176:S:2348|34:S:2352|34:E:2355|33:S:2368|33:E:2460|176:E:2469|279:S:2482|34:S:2489|34:E:2492|33:S:2501|33:E:2593|8:S:2613|8:E:2613|279:E:2643|176:S:2675|34:S:2679|34:E:2696|33:S:2709|33:E:2801|176:E:2810|279:S:2823|34:S:2830|34:E:2847|33:S:2856|33:E:2948|8:S:2968|8:E:2968|279:E:2998|176:S:3030|34:S:3034|34:E:3037|33:S:3050|33:E:3120|176:E:3129|279:S:3142|34:S:3149|34:E:3152|33:S:3161|33:E:3231|8:S:3251|8:E:3251|279:E:3281|176:S:3313|34:S:3317|34:E:3320|33:S:3333|33:E:3359|34:S:3374|34:E:3377|176:E:3386|279:S:3399|34:S:3406|34:E:3409|33:S:3418|33:E:3444|34:S:3460|34:E:3463|8:S:3479|8:E:3479|279:E:3509|176:S:3541|34:S:3545|34:E:3562|33:S:3575|33:E:3601|34:S:3616|34:E:3633|176:E:3642|279:S:3655|34:S:3662|34:E:3679|33:S:3688|33:E:3714|34:S:3730|34:E:3747|8:S:3763|8:E:3763|279:E:3793|176:S:3825|34:S:3829|34:E:3846|33:S:3859|33:E:3885|176:E:3894|279:S:3907|34:S:3914|34:E:3931|33:S:3940|33:E:3966|8:S:3986|8:E:3986|279:E:4016|176:S:4048|34:S:4052|34:E:4069|33:S:4082|33:E:4108|176:E:4117|279:S:4130|34:S:4137|34:E:4154|33:S:4163|33:E:4189|8:S:4209|8:E:4209|279:E:4239|176:S:4271|34:S:4275|34:E:4292|33:S:4305|33:E:4331|176:E:4340|279:S:4353|34:S:4360|34:E:4377|33:S:4386|33:E:4412|8:S:4432|8:E:4432|279:E:4462|176:S:4494|34:S:4498|34:E:4515|33:S:4528|33:E:4554|34:S:4569|34:E:4586|34:S:4601|34:E:4626|176:E:4627|176:S:4660|34:S:4664|34:E:4681|33:S:4694|33:E:4720|34:S:4735|34:E:4738|176:E:4747|279:S:4760|34:S:4767|34:E:4784|33:S:4793|33:E:4819|34:S:4835|34:E:4838|8:S:4854|8:E:4854|279:E:4884|176:S:4916|34:S:4920|34:E:4923|33:S:4936|33:E:4984|34:S:4999|34:E:5002|176:E:5011|279:S:5024|34:S:5031|34:E:5034|33:S:5043|33:E:5091|34:S:5107|34:E:5110|8:S:5126|8:E:5126|279:E:5156|176:S:5188|34:S:5192|34:E:5195|33:S:5208|33:E:5234|34:S:5249|34:E:5252|176:E:5261|279:S:5274|34:S:5281|34:E:5284|33:S:5293|33:E:5319|34:S:5335|34:E:5338|8:S:5354|8:E:5354|279:E:5384|176:S:5416|34:S:5420|34:E:5423|33:S:5436|33:E:5484|176:E:5493|279:S:5506|34:S:5513|34:E:5516|33:S:5525|33:E:5573|8:S:5593|8:E:5593|279:E:5623|176:S:5655|34:S:5659|34:E:5662|33:S:5675|33:E:5701|34:S:5716|34:E:5719|176:E:5728|279:S:5741|34:S:5748|34:E:5751|33:S:5760|33:E:5786|34:S:5802|34:E:5805|8:S:5821|8:E:5821|279:E:5851|176:S:5883|34:S:5887|34:E:5904|33:S:5917|33:E:5943|34:S:5958|34:E:5975|34:S:5990|34:E:5993|176:E:6002|279:S:6015|34:S:6022|34:E:6039|33:S:6048|33:E:6074|34:S:6090|34:E:6107|34:S:6119|34:E:6122|8:S:6138|8:E:6138|279:E:6168|176:S:6200|34:S:6204|34:E:6221|33:S:6234|33:E:6260|34:S:6275|34:E:6292|34:S:6307|34:E:6310|176:E:6319|279:S:6332|34:S:6339|34:E:6356|33:S:6365|33:E:6391|34:S:6407|34:E:6424|34:S:6436|34:E:6439|8:S:6455|8:E:6455|279:E:6485|176:S:6517|34:S:6521|34:E:6524|33:S:6537|33:E:6585|176:E:6594|279:S:6607|34:S:6614|34:E:6617|33:S:6626|33:E:6674|8:S:6694|8:E:6694|279:E:6724|176:S:6756|34:S:6760|34:E:6777|33:S:6790|33:E:6838|34:S:6853|34:E:6870|176:E:6879|279:S:6892|34:S:6899|34:E:6916|33:S:6925|33:E:6973|34:S:6989|34:E:7006|8:S:7022|8:E:7022|279:E:7052|8:S:7081|8:E:7081|163:E:7090|176:S:7101|34:S:7105|34:E:7108|33:S:7121|33:E:7279|34:S:7294|34:E:7297|34:S:7312|34:E:7315|34:S:7330|34:E:7457|176:E:7458|178:S:7470|34:S:7474|34:E:7477|33:S:7487|33:E:7645|34:S:7666|34:E:7669|34:S:7690|34:E:7693|34:S:7714|34:E:7841|178:E:7842|34:S:7870|34:E:7997|8:S:8018|8:E:8018|8:S:8038|8:E:8038|8:S:8070|8:E:8070|178:S:8088|34:S:8092|34:E:8219|178:E:8223|160:E:8226
58424,16,11,4373,158:S:29|163:S:37|8:S:54|8:E:54|175:S:74|8:S:93|8:E:93|175:E:107|175:S:125|175:E:140|175:S:158|175:E:173|177:S:196|177:E:208|8:S:232|8:E:232|278:S:244|278:E:273|176:S:320|176:E:332|279:S:345|8:S:363|8:E:363|279:E:375|176:S:407|34:S:411|34:E:414|176:E:422|279:S:435|34:S:442|34:E:445|8:S:465|8:E:465|33:S:480|33:E:594|8:S:613|8:E:613|33:S:630|33:E:766|279:E:771|176:S:803|34:S:807|34:E:810|33:S:823|33:E:981|176:E:990|279:S:1003|34:S:1010|34:E:1013|33:S:1022|33:E:1180|8:S:1200|8:E:1200|279:E:1230|176:S:1262|34:S:1266|34:E:1269|33:S:1282|33:E:1484|176:E:1493|279:S:1506|34:S:1513|34:E:1516|33:S:1525|33:E:1727|8:S:1747|8:E:1747|279:E:1777|176:S:1809|34:S:1813|34:E:1816|33:S:1829|33:E:1855|176:E:1864|279:S:1877|34:S:1884|34:E:1887|33:S:1896|33:E:1922|8:S:1942|8:E:1942|279:E:1972|176:S:2027|34:S:2031|34:E:2034|33:S:2047|33:E:2205|34:S:2220|34:E:2347|176:E:2348|176:S:2381|34:S:2385|34:E:2388|33:S:2401|33:E:2493|34:S:2508|34:E:2511|176:E:2520|279:S:2533|34:S:2540|34:E:2543|33:S:2552|33:E:2644|34:S:2660|34:E:2663|8:S:2679|8:E:2679|279:E:2709|176:S:2741|34:S:2745|34:E:2748|33:S:2761|33:E:2897|34:S:2912|34:E:2915|176:E:2924|279:S:2937|34:S:2944|34:E:2947|33:S:2956|33:E:3092|34:S:3108|34:E:3111|8:S:3127|8:E:3127|279:E:3157|176:S:3189|34:S:3193|34:E:3196|33:S:3209|33:E:3301|176:E:3310|279:S:3323|34:S:3330|34:E:3333|33:S:3342|33:E:3434|8:S:3454|8:E:3454|279:E:3484|176:S:3539|34:S:3543|34:E:3546|33:S:3559|33:E:3717|34:S:3732|34:E:3859|176:E:3860|176:S:3893|34:S:3897|34:E:3900|33:S:3913|33:E:4049|176:E:4058|279:S:4071|34:S:4078|34:E:4081|33:S:4090|33:E:4226|8:S:4246|8:E:4246|279:E:4276|8:S:4305|8:E:4305|163:E:4314|158:E:4325
58424,20,09,2423,8:S:25|8:E:25|158:S:72|158:E:79|8:S:100|8:E:100|130:S:130|8:S:144|8:E:144|130:E:151|181:S:167|181:E:169|182:S:180|8:S:194|8:E:194|76:S:210|8:S:222|8:E:222|76:E:237|182:E:240|284:S:248|316:S:251|8:S:271|8:E:271|789:S:305|315:S:306|315:E:306|789:E:306|316:E:316|378:S:330|414:S:334|728:S:346|413:S:349|476:S:354|211:S:359|8:S:373|8:E:373|304:S:403|8:S:419|8:E:419|102:S:435|8:S:466|8:E:466|8:S:495|8:E:495|102:E:505|8:S:520|8:E:520|8:S:537|8:E:537|8:S:563|8:E:563|8:S:580|8:E:580|8:S:606|8:E:606|8:S:623|8:E:623|328:S:639|337:S:639|337:E:639|339:S:649|339:E:650|337:S:656|337:E:656|340:S:661|8:S:673|8:E:673|8:S:690|8:E:690|8:S:728|8:E:728|340:E:748|328:E:751|329:S:765|329:E:769|329:S:776|345:S:780|337:S:780|337:E:780|345:E:787|8:S:802|8:E:802|329:E:812|330:S:819|346:S:834|359:S:846|359:E:850|346:E:862|346:S:887|346:E:895|347:S:914|8:S:928|8:E:928|27:S:942|30:S:947|8:S:963|8:E:963|30:E:974|27:E:1021|42:S:1046|30:S:1057|60:S:1071|8:S:1087|8:E:1087|60:E:1131|30:E:1135|42:E:1163|19:S:1178|8:S:1200|8:E:1200|19:E:1240|347:E:1240|8:S:1255|8:E:1255|327:S:1267|18:S:1270|30:S:1275|8:S:1291|8:E:1291|30:E:1302|18:E:1328|336:S:1344|30:S:1356|60:S:1370|8:S:1386|8:E:1386|60:E:1430|30:E:1434|69:S:1446|69:E:1464|336:E:1470|327:E:1472|20:S:1481|18:S:1484|30:S:1489|30:E:1496|18:E:1510|20:E:1519|19:S:1526|8:S:1548|8:E:1548|19:E:1574|330:E:1576|331:S:1585|8:S:1604|8:E:1604|331:E:1618|8:S:1641|8:E:1641|327:S:1653|18:S:1656|30:S:1661|8:S:1677|8:E:1677|30:E:1688|18:E:1714|336:S:1730|30:S:1742|60:S:1756|8:S:1772|8:E:1772|60:E:1816|30:E:1820|69:S:1832|69:E:1850|336:E:1856|327:E:1858|20:S:1867|18:S:1870|30:S:1875|30:E:1882|18:E:1896|20:E:1905|19:S:1912|8:S:1934|8:E:1934|19:E:1960|27:S:1974|30:S:1979|8:S:1995|8:E:1995|30:E:2006|27:E:2053|304:E:2062|19:S:2069|19:E:2082|211:E:2082|95:S:2089|34:S:2093|34:E:2096|33:S:2109|33:E:2157|95:E:2166|8:S:2181|8:E:2181|99:S:2194|8:S:2206|8:E:2206|99:E:2213|101:S:2220|34:S:2227|34:E:2230|33:S:2239|33:E:2287|8:S:2307|8:E:2307|101:E:2337|476:E:2344|413:E:2347|728:E:2347|414:E:2350|378:E:2353|284:E:2360
58424,24,09,3151,8:S:25|8:E:25|167:S:64|8:S:83|8:E:83|167:E:97|161:S:123|161:E:127|158:S:163|158:E:176|8:S:195|8:E:195|130:S:236|8:S:258|8:E:258|265:S:270|265:E:285|130:E:294|181:S:310|181:E:312|182:S:323|8:S:337|8:E:337|76:S:353|8:S:365|8:E:365|76:E:380|182:E:383|284:S:391|316:S:394|8:S:414|8:E:414|789:S:448|315:S:449|315:E:449|789:E:449|316:E:459|568:S:474|350:S:478|158:S:482|163:S:490|8:S:512|8:E:512|175:S:532|8:S:551|8:E:551|175:E:565|175:S:583|175:E:598|177:S:621|177:E:633|8:S:657|8:E:657|278:S:669|278:E:691|176:S:738|176:E:750|279:S:763|8:S:781|8:E:781|279:E:793|176:S:825|34:S:829|34:E:832|176:E:840|279:S:853|34:S:860|34:E:863|8:S:883|8:E:883|33:S:898|33:E:1012|8:S:1031|8:E:1031|33:S:1048|33:E:1184|279:E:1189|176:S:1221|34:S:1225|34:E:1228|33:S:1241|33:E:1399|176:E:1408|279:S:1421|34:S:1428|34:E:1431|33:S:1440|33:E:1598|8:S:1618|8:E:1618|279:E:1648|176:S:1680|34:S:1684|34:E:1687|33:S:1700|33:E:1902|176:E:1911|279:S:1924|34:S:1931|34:E:1934|33:S:1943|33:E:2145|8:S:2165|8:E:2165|279:E:2195|176:S:2227|34:S:2231|34:E:2234|33:S:2247|33:E:2273|176:E:2282|279:S:2295|34:S:2302|34:E:2305|33:S:2314|33:E:2340|8:S:2360|8:E:2360|279:E:2390|176:S:2445|34:S:2449|34:E:2452|33:S:2465|33:E:2623|34:S:2638|34:E:2765|176:E:2766|176:S:2799|34:S:2803|34:E:2820|33:S:2833|33:E:2859|34:S:2874|34:E:2877|176:E:2886|279:S:2899|34:S:2906|34:E:2923|33:S:2932|33:E:2958|34:S:2974|34:E:2977|8:S:2993|8:E:2993|279:E:3023|8:S:3052|8:E:3052|163:E:3061|158:E:3069|350:E:3097|568:E:3097|284:E:3104
58424,0,END,0,
78656,0,00,56,
78656,0,END,0,
0,0,00,1045,
86488,0,START,0,
86488,0,00,38,
86488,0,01,51,
86488,0,END,0,

